<?xml version="1.0" encoding="UTF-8"?>
<!-- Generated by org.testng.reporters.JUnitReportReporter -->
<testsuite skipped="0" hostname="DESKTOP-HDLOFBK" name="rahulshettyacademy.Sathviki.internal" tests="2" failures="0" timestamp="2023-04-22T05:37:45 IST" time="8.607" errors="0">
  <testcase name="projectexecution" time="0.001" classname="rahulshettyacademy.Sathviki.internal"/>
  <system-out/>
  <testcase name="external" time="8.606" classname="rahulshettyacademy.Sathviki.internal"/>
  <system-out/>
</testsuite> <!-- rahulshettyacademy.Sathviki.internal -->
