<?xml version="1.0" encoding="UTF-8"?>
<!-- Generated by org.testng.reporters.JUnitReportReporter -->
<testsuite skipped="0" hostname="DESKTOP-HDLOFBK" name="rahulshettyacademy.Sathviki.data" tests="1" failures="0" timestamp="2023-04-22T05:37:45 IST" time="0.000" errors="0">
  <testcase name="projectexecution" time="0.000" classname="rahulshettyacademy.Sathviki.data"/>
  <system-out/>
</testsuite> <!-- rahulshettyacademy.Sathviki.data -->
